<?xml version="1.0" encoding="UTF-8"?>
<!-- Generated by org.testng.reporters.JUnitXMLReporter -->
<testsuite hostname="DVA-C02S685PG8WP" ignored="0" name="Default test" tests="3409" failures="0" timestamp="31 May 2017 19:08:32 GMT" time="6345.959" errors="0">
  <testcase name="getUserConversation" time="6.43" classname="com.davita.restAssured.Readers"/>
  <testcase name="getUserConversation" time="1.592" classname="com.davita.restAssured.Readers"/>
  <testcase name="getUserConversation" time="2.226" classname="com.davita.restAssured.Readers"/>
  <testcase name="getUserConversation" time="1.884" classname="com.davita.restAssured.Readers"/>
  <testcase name="getUserConversation" time="1.879" classname="com.davita.restAssured.Readers"/>
  <testcase name="getUserConversation" time="2.506" classname="com.davita.restAssured.Readers"/>
  <testcase name="getUserConversation" time="1.937" classname="com.davita.restAssured.Readers"/>
  <testcase name="getUserConversation" time="2.231" classname="com.davita.restAssured.Readers"/>
  <testcase name="getUserConversation" time="2.399" classname="com.davita.restAssured.Readers"/>
  <testcase name="getUserConversation" time="2.261" classname="com.davita.restAssured.Readers"/>
  <testcase name="getUserConversation" time="2.904" classname="com.davita.restAssured.Readers"/>
  <testcase name="getUserConversation" time="1.587" classname="com.davita.restAssured.Readers"/>
  <testcase name="getUserConversation" time="1.381" classname="com.davita.restAssured.Readers"/>
  <testcase name="getUserConversation" time="1.962" classname="com.davita.restAssured.Readers"/>
  <testcase name="getUserConversation" time="1.855" classname="com.davita.restAssured.Readers"/>
  <testcase name="getUserConversation" time="1.844" classname="com.davita.restAssured.Readers"/>
  <testcase name="getUserConversation" time="1.585" classname="com.davita.restAssured.Readers"/>
  <testcase name="getUserConversation" time="1.645" classname="com.davita.restAssured.Readers"/>
  <testcase name="getUserConversation" time="1.381" classname="com.davita.restAssured.Readers"/>
  <testcase name="getUserConversation" time="1.979" classname="com.davita.restAssured.Readers"/>
  <testcase name="getUserConversation" time="1.698" classname="com.davita.restAssured.Readers"/>
  <testcase name="getUserConversation" time="1.349" classname="com.davita.restAssured.Readers"/>
  <testcase name="getUserConversation" time="1.623" classname="com.davita.restAssured.Readers"/>
  <testcase name="getUserConversation" time="3.001" classname="com.davita.restAssured.Readers"/>
  <testcase name="getUserConversation" time="2.769" classname="com.davita.restAssured.Readers"/>
  <testcase name="getUserConversation" time="1.864" classname="com.davita.restAssured.Readers"/>
  <testcase name="getUserConversation" time="1.671" classname="com.davita.restAssured.Readers"/>
  <testcase name="getUserConversation" time="1.91" classname="com.davita.restAssured.Readers"/>
  <testcase name="getUserConversation" time="3.188" classname="com.davita.restAssured.Readers"/>
  <testcase name="getUserConversation" time="2.209" classname="com.davita.restAssured.Readers"/>
  <testcase name="getUserConversation" time="1.763" classname="com.davita.restAssured.Readers"/>
  <testcase name="getUserConversation" time="2.837" classname="com.davita.restAssured.Readers"/>
  <testcase name="getUserConversation" time="2.712" classname="com.davita.restAssured.Readers"/>
  <testcase name="getUserConversation" time="2.018" classname="com.davita.restAssured.Readers"/>
  <testcase name="getUserConversation" time="2.058" classname="com.davita.restAssured.Readers"/>
  <testcase name="getUserConversation" time="2.067" classname="com.davita.restAssured.Readers"/>
  <testcase name="getUserConversation" time="1.818" classname="com.davita.restAssured.Readers"/>
  <testcase name="getUserConversation" time="1.567" classname="com.davita.restAssured.Readers"/>
  <testcase name="getUserConversation" time="2.464" classname="com.davita.restAssured.Readers"/>
  <testcase name="getUserConversation" time="2.266" classname="com.davita.restAssured.Readers"/>
  <testcase name="getUserConversation" time="1.979" classname="com.davita.restAssured.Readers"/>
  <testcase name="getUserConversation" time="1.386" classname="com.davita.restAssured.Readers"/>
  <testcase name="getUserConversation" time="1.668" classname="com.davita.restAssured.Readers"/>
  <testcase name="getUserConversation" time="1.146" classname="com.davita.restAssured.Readers"/>
  <testcase name="getUserConversation" time="2.275" classname="com.davita.restAssured.Readers"/>
  <testcase name="getUserConversation" time="3.908" classname="com.davita.restAssured.Readers"/>
  <testcase name="getUserConversation" time="2.761" classname="com.davita.restAssured.Readers"/>
  <testcase name="getUserConversation" time="2.254" classname="com.davita.restAssured.Readers"/>
  <testcase name="getUserConversation" time="3.05" classname="com.davita.restAssured.Readers"/>
  <testcase name="getUserConversation" time="4.1" classname="com.davita.restAssured.Readers"/>
  <testcase name="getUserConversation" time="2.509" classname="com.davita.restAssured.Readers"/>
  <testcase name="getUserConversation" time="1.73" classname="com.davita.restAssured.Readers"/>
  <testcase name="getUserConversation" time="6.413" classname="com.davita.restAssured.Readers"/>
  <testcase name="getUserConversation" time="2.617" classname="com.davita.restAssured.Readers"/>
  <testcase name="getUserConversation" time="2.047" classname="com.davita.restAssured.Readers"/>
  <testcase name="getUserConversation" time="2.498" classname="com.davita.restAssured.Readers"/>
  <testcase name="getUserConversation" time="2.493" classname="com.davita.restAssured.Readers"/>
  <testcase name="getUserConversation" time="1.718" classname="com.davita.restAssured.Readers"/>
  <testcase name="getUserConversation" time="2.125" classname="com.davita.restAssured.Readers"/>
  <testcase name="getUserConversation" time="2.114" classname="com.davita.restAssured.Readers"/>
  <testcase name="getUserConversation" time="2.459" classname="com.davita.restAssured.Readers"/>
  <testcase name="getUserConversation" time="2.087" classname="com.davita.restAssured.Readers"/>
  <testcase name="getUserConversation" time="1.785" classname="com.davita.restAssured.Readers"/>
  <testcase name="getUserConversation" time="2.234" classname="com.davita.restAssured.Readers"/>
  <testcase name="getUserConversation" time="2.627" classname="com.davita.restAssured.Readers"/>
  <testcase name="getUserConversation" time="2.856" classname="com.davita.restAssured.Readers"/>
  <testcase name="getUserConversation" time="2.054" classname="com.davita.restAssured.Readers"/>
  <testcase name="getUserConversation" time="2.248" classname="com.davita.restAssured.Readers"/>
  <testcase name="getUserConversation" time="2.284" classname="com.davita.restAssured.Readers"/>
  <testcase name="getUserConversation" time="2.512" classname="com.davita.restAssured.Readers"/>
  <testcase name="getUserConversation" time="1.931" classname="com.davita.restAssured.Readers"/>
  <testcase name="getUserConversation" time="3.227" classname="com.davita.restAssured.Readers"/>
  <testcase name="getUserConversation" time="2.964" classname="com.davita.restAssured.Readers"/>
  <testcase name="getUserConversation" time="1.672" classname="com.davita.restAssured.Readers"/>
  <testcase name="getUserConversation" time="2.036" classname="com.davita.restAssured.Readers"/>
  <testcase name="getUserConversation" time="2.425" classname="com.davita.restAssured.Readers"/>
  <testcase name="getUserConversation" time="3.248" classname="com.davita.restAssured.Readers"/>
  <testcase name="getUserConversation" time="2.588" classname="com.davita.restAssured.Readers"/>
  <testcase name="getUserConversation" time="2.031" classname="com.davita.restAssured.Readers"/>
  <testcase name="getUserConversation" time="1.726" classname="com.davita.restAssured.Readers"/>
  <testcase name="getUserConversation" time="2.322" classname="com.davita.restAssured.Readers"/>
  <testcase name="getUserConversation" time="1.393" classname="com.davita.restAssured.Readers"/>
  <testcase name="getUserConversation" time="2.449" classname="com.davita.restAssured.Readers"/>
  <testcase name="getUserConversation" time="2.62" classname="com.davita.restAssured.Readers"/>
  <testcase name="getUserConversation" time="2.5" classname="com.davita.restAssured.Readers"/>
  <testcase name="getUserConversation" time="2.91" classname="com.davita.restAssured.Readers"/>
  <testcase name="getUserConversation" time="1.638" classname="com.davita.restAssured.Readers"/>
  <testcase name="getUserConversation" time="2.668" classname="com.davita.restAssured.Readers"/>
  <testcase name="getUserConversation" time="2.019" classname="com.davita.restAssured.Readers"/>
  <testcase name="getUserConversation" time="2.992" classname="com.davita.restAssured.Readers"/>
  <testcase name="getUserConversation" time="2.335" classname="com.davita.restAssured.Readers"/>
  <testcase name="getUserConversation" time="1.449" classname="com.davita.restAssured.Readers"/>
  <testcase name="getUserConversation" time="1.898" classname="com.davita.restAssured.Readers"/>
  <testcase name="getUserConversation" time="1.997" classname="com.davita.restAssured.Readers"/>
  <testcase name="getUserConversation" time="6.1" classname="com.davita.restAssured.Readers"/>
  <testcase name="getUserConversation" time="2.48" classname="com.davita.restAssured.Readers"/>
  <testcase name="getUserConversation" time="4.731" classname="com.davita.restAssured.Readers"/>
  <testcase name="getUserConversation" time="2.707" classname="com.davita.restAssured.Readers"/>
  <testcase name="getUserConversation" time="1.899" classname="com.davita.restAssured.Readers"/>
  <testcase name="getUserConversation" time="1.742" classname="com.davita.restAssured.Readers"/>
  <testcase name="getUserConversation" time="3.838" classname="com.davita.restAssured.Readers"/>
  <testcase name="getUserConversation" time="2.945" classname="com.davita.restAssured.Readers"/>
  <testcase name="getUserConversation" time="4.189" classname="com.davita.restAssured.Readers"/>
  <testcase name="getUserConversation" time="3.122" classname="com.davita.restAssured.Readers"/>
  <testcase name="getUserConversation" time="2.477" classname="com.davita.restAssured.Readers"/>
  <testcase name="getUserConversation" time="3.187" classname="com.davita.restAssured.Readers"/>
  <testcase name="getUserConversation" time="4.038" classname="com.davita.restAssured.Readers"/>
  <testcase name="getUserConversation" time="2.068" classname="com.davita.restAssured.Readers"/>
  <testcase name="getUserConversation" time="2.43" classname="com.davita.restAssured.Readers"/>
  <testcase name="getUserConversation" time="2.284" classname="com.davita.restAssured.Readers"/>
  <testcase name="getUserConversation" time="1.248" classname="com.davita.restAssured.Readers"/>
  <testcase name="getUserConversation" time="1.474" classname="com.davita.restAssured.Readers"/>
  <testcase name="getUserConversation" time="1.808" classname="com.davita.restAssured.Readers"/>
  <testcase name="getUserConversation" time="2.087" classname="com.davita.restAssured.Readers"/>
  <testcase name="getUserConversation" time="1.83" classname="com.davita.restAssured.Readers"/>
  <testcase name="getUserConversation" time="1.383" classname="com.davita.restAssured.Readers"/>
  <testcase name="getUserConversation" time="1.809" classname="com.davita.restAssured.Readers"/>
  <testcase name="getUserConversation" time="1.536" classname="com.davita.restAssured.Readers"/>
  <testcase name="getUserConversation" time="2.744" classname="com.davita.restAssured.Readers"/>
  <testcase name="getUserConversation" time="1.431" classname="com.davita.restAssured.Readers"/>
  <testcase name="getUserConversation" time="2.609" classname="com.davita.restAssured.Readers"/>
  <testcase name="getUserConversation" time="1.675" classname="com.davita.restAssured.Readers"/>
  <testcase name="getUserConversation" time="1.602" classname="com.davita.restAssured.Readers"/>
  <testcase name="getUserConversation" time="1.378" classname="com.davita.restAssured.Readers"/>
  <testcase name="getUserConversation" time="1.229" classname="com.davita.restAssured.Readers"/>
  <testcase name="getUserConversation" time="1.377" classname="com.davita.restAssured.Readers"/>
  <testcase name="getUserConversation" time="1.404" classname="com.davita.restAssured.Readers"/>
  <testcase name="getUserConversation" time="1.516" classname="com.davita.restAssured.Readers"/>
  <testcase name="getUserConversation" time="1.128" classname="com.davita.restAssured.Readers"/>
  <testcase name="getUserConversation" time="0.921" classname="com.davita.restAssured.Readers"/>
  <testcase name="getUserConversation" time="0.973" classname="com.davita.restAssured.Readers"/>
  <testcase name="getUserConversation" time="2.358" classname="com.davita.restAssured.Readers"/>
  <testcase name="getUserConversation" time="1.107" classname="com.davita.restAssured.Readers"/>
  <testcase name="getUserConversation" time="1.879" classname="com.davita.restAssured.Readers"/>
  <testcase name="getUserConversation" time="1.186" classname="com.davita.restAssured.Readers"/>
  <testcase name="getUserConversation" time="1.803" classname="com.davita.restAssured.Readers"/>
  <testcase name="getUserConversation" time="1.354" classname="com.davita.restAssured.Readers"/>
  <testcase name="getUserConversation" time="1.929" classname="com.davita.restAssured.Readers"/>
  <testcase name="getUserConversation" time="1.856" classname="com.davita.restAssured.Readers"/>
  <testcase name="getUserConversation" time="1.064" classname="com.davita.restAssured.Readers"/>
  <testcase name="getUserConversation" time="1.331" classname="com.davita.restAssured.Readers"/>
  <testcase name="getUserConversation" time="1.302" classname="com.davita.restAssured.Readers"/>
  <testcase name="getUserConversation" time="1.288" classname="com.davita.restAssured.Readers"/>
  <testcase name="getUserConversation" time="1.12" classname="com.davita.restAssured.Readers"/>
  <testcase name="getUserConversation" time="1.281" classname="com.davita.restAssured.Readers"/>
  <testcase name="getUserConversation" time="1.524" classname="com.davita.restAssured.Readers"/>
  <testcase name="getUserConversation" time="1.717" classname="com.davita.restAssured.Readers"/>
  <testcase name="getUserConversation" time="2.665" classname="com.davita.restAssured.Readers"/>
  <testcase name="getUserConversation" time="1.985" classname="com.davita.restAssured.Readers"/>
  <testcase name="getUserConversation" time="3.63" classname="com.davita.restAssured.Readers"/>
  <testcase name="getUserConversation" time="2.188" classname="com.davita.restAssured.Readers"/>
  <testcase name="getUserConversation" time="2.481" classname="com.davita.restAssured.Readers"/>
  <testcase name="getUserConversation" time="3.37" classname="com.davita.restAssured.Readers"/>
  <testcase name="getUserConversation" time="3.407" classname="com.davita.restAssured.Readers"/>
  <testcase name="getUserConversation" time="3.127" classname="com.davita.restAssured.Readers"/>
  <testcase name="getUserConversation" time="3.37" classname="com.davita.restAssured.Readers"/>
  <testcase name="getUserConversation" time="3.704" classname="com.davita.restAssured.Readers"/>
  <testcase name="getUserConversation" time="4.375" classname="com.davita.restAssured.Readers"/>
  <testcase name="getUserConversation" time="2.31" classname="com.davita.restAssured.Readers"/>
  <testcase name="getUserConversation" time="2.253" classname="com.davita.restAssured.Readers"/>
  <testcase name="getUserConversation" time="3.372" classname="com.davita.restAssured.Readers"/>
  <testcase name="getUserConversation" time="1.875" classname="com.davita.restAssured.Readers"/>
  <testcase name="getUserConversation" time="2.71" classname="com.davita.restAssured.Readers"/>
  <testcase name="getUserConversation" time="1.614" classname="com.davita.restAssured.Readers"/>
  <testcase name="getUserConversation" time="4.707" classname="com.davita.restAssured.Readers"/>
  <testcase name="getUserConversation" time="2.979" classname="com.davita.restAssured.Readers"/>
  <testcase name="getUserConversation" time="4.446" classname="com.davita.restAssured.Readers"/>
  <testcase name="getUserConversation" time="2.938" classname="com.davita.restAssured.Readers"/>
  <testcase name="getUserConversation" time="2.826" classname="com.davita.restAssured.Readers"/>
  <testcase name="getUserConversation" time="2.435" classname="com.davita.restAssured.Readers"/>
  <testcase name="getUserConversation" time="2.521" classname="com.davita.restAssured.Readers"/>
  <testcase name="getUserConversation" time="3.041" classname="com.davita.restAssured.Readers"/>
  <testcase name="getUserConversation" time="2.696" classname="com.davita.restAssured.Readers"/>
  <testcase name="getUserConversation" time="3.236" classname="com.davita.restAssured.Readers"/>
  <testcase name="getUserConversation" time="4.253" classname="com.davita.restAssured.Readers"/>
  <testcase name="getUserConversation" time="2.932" classname="com.davita.restAssured.Readers"/>
  <testcase name="getUserConversation" time="2.5" classname="com.davita.restAssured.Readers"/>
  <testcase name="getUserConversation" time="2.273" classname="com.davita.restAssured.Readers"/>
  <testcase name="getUserConversation" time="4.507" classname="com.davita.restAssured.Readers"/>
  <testcase name="getUserConversation" time="2.826" classname="com.davita.restAssured.Readers"/>
  <testcase name="getUserConversation" time="2.909" classname="com.davita.restAssured.Readers"/>
  <testcase name="getUserConversation" time="3.413" classname="com.davita.restAssured.Readers"/>
  <testcase name="getUserConversation" time="5.298" classname="com.davita.restAssured.Readers"/>
  <testcase name="getUserConversation" time="2.188" classname="com.davita.restAssured.Readers"/>
  <testcase name="getUserConversation" time="2.873" classname="com.davita.restAssured.Readers"/>
  <testcase name="getUserConversation" time="2.033" classname="com.davita.restAssured.Readers"/>
  <testcase name="getUserConversation" time="2.318" classname="com.davita.restAssured.Readers"/>
  <testcase name="getUserConversation" time="4.13" classname="com.davita.restAssured.Readers"/>
  <testcase name="getUserConversation" time="2.467" classname="com.davita.restAssured.Readers"/>
  <testcase name="getUserConversation" time="2.511" classname="com.davita.restAssured.Readers"/>
  <testcase name="getUserConversation" time="2.605" classname="com.davita.restAssured.Readers"/>
  <testcase name="getUserConversation" time="2.396" classname="com.davita.restAssured.Readers"/>
  <testcase name="getUserConversation" time="4.458" classname="com.davita.restAssured.Readers"/>
  <testcase name="getUserConversation" time="1.918" classname="com.davita.restAssured.Readers"/>
  <testcase name="getUserConversation" time="3.042" classname="com.davita.restAssured.Readers"/>
  <testcase name="getUserConversation" time="1.799" classname="com.davita.restAssured.Readers"/>
  <testcase name="getUserConversation" time="1.679" classname="com.davita.restAssured.Readers"/>
  <testcase name="getUserConversation" time="3.057" classname="com.davita.restAssured.Readers"/>
  <testcase name="getUserConversation" time="2.19" classname="com.davita.restAssured.Readers"/>
  <testcase name="getUserConversation" time="2.545" classname="com.davita.restAssured.Readers"/>
  <testcase name="getUserConversation" time="1.84" classname="com.davita.restAssured.Readers"/>
  <testcase name="getUserConversation" time="2.722" classname="com.davita.restAssured.Readers"/>
  <testcase name="getUserConversation" time="1.835" classname="com.davita.restAssured.Readers"/>
  <testcase name="getUserConversation" time="3.199" classname="com.davita.restAssured.Readers"/>
  <testcase name="getUserConversation" time="2.476" classname="com.davita.restAssured.Readers"/>
  <testcase name="getUserConversation" time="1.908" classname="com.davita.restAssured.Readers"/>
  <testcase name="getUserConversation" time="2.454" classname="com.davita.restAssured.Readers"/>
  <testcase name="getUserConversation" time="4.295" classname="com.davita.restAssured.Readers"/>
  <testcase name="getUserConversation" time="1.348" classname="com.davita.restAssured.Readers"/>
  <testcase name="getUserConversation" time="1.924" classname="com.davita.restAssured.Readers"/>
  <testcase name="getUserConversation" time="1.353" classname="com.davita.restAssured.Readers"/>
  <testcase name="getUserConversation" time="1.164" classname="com.davita.restAssured.Readers"/>
  <testcase name="getUserConversation" time="2.434" classname="com.davita.restAssured.Readers"/>
  <testcase name="getUserConversation" time="2.588" classname="com.davita.restAssured.Readers"/>
  <testcase name="getUserConversation" time="2.496" classname="com.davita.restAssured.Readers"/>
  <testcase name="getUserConversation" time="2.299" classname="com.davita.restAssured.Readers"/>
  <testcase name="getUserConversation" time="3.13" classname="com.davita.restAssured.Readers"/>
  <testcase name="getUserConversation" time="2.704" classname="com.davita.restAssured.Readers"/>
  <testcase name="getUserConversation" time="1.998" classname="com.davita.restAssured.Readers"/>
  <testcase name="getUserConversation" time="2.731" classname="com.davita.restAssured.Readers"/>
  <testcase name="getUserConversation" time="2.401" classname="com.davita.restAssured.Readers"/>
  <testcase name="getUserConversation" time="3.633" classname="com.davita.restAssured.Readers"/>
  <testcase name="getUserConversation" time="4.189" classname="com.davita.restAssured.Readers"/>
  <testcase name="getUserConversation" time="4.807" classname="com.davita.restAssured.Readers"/>
  <testcase name="getUserConversation" time="4.618" classname="com.davita.restAssured.Readers"/>
  <testcase name="getUserConversation" time="2.89" classname="com.davita.restAssured.Readers"/>
  <testcase name="getUserConversation" time="2.725" classname="com.davita.restAssured.Readers"/>
  <testcase name="getUserConversation" time="3.248" classname="com.davita.restAssured.Readers"/>
  <testcase name="getUserConversation" time="3.609" classname="com.davita.restAssured.Readers"/>
  <testcase name="getUserConversation" time="4.582" classname="com.davita.restAssured.Readers"/>
  <testcase name="getUserConversation" time="2.286" classname="com.davita.restAssured.Readers"/>
  <testcase name="getUserConversation" time="1.633" classname="com.davita.restAssured.Readers"/>
  <testcase name="getUserConversation" time="2.227" classname="com.davita.restAssured.Readers"/>
  <testcase name="getUserConversation" time="3.982" classname="com.davita.restAssured.Readers"/>
  <testcase name="getUserConversation" time="3.616" classname="com.davita.restAssured.Readers"/>
  <testcase name="getUserConversation" time="3.105" classname="com.davita.restAssured.Readers"/>
  <testcase name="getUserConversation" time="3.529" classname="com.davita.restAssured.Readers"/>
  <testcase name="getUserConversation" time="5.327" classname="com.davita.restAssured.Readers"/>
  <testcase name="getUserConversation" time="1.945" classname="com.davita.restAssured.Readers"/>
  <testcase name="getUserConversation" time="2.106" classname="com.davita.restAssured.Readers"/>
  <testcase name="getUserConversation" time="1.587" classname="com.davita.restAssured.Readers"/>
  <testcase name="getUserConversation" time="1.422" classname="com.davita.restAssured.Readers"/>
  <testcase name="getUserConversation" time="1.477" classname="com.davita.restAssured.Readers"/>
  <testcase name="getUserConversation" time="3.022" classname="com.davita.restAssured.Readers"/>
  <testcase name="getUserConversation" time="0.755" classname="com.davita.restAssured.Readers"/>
  <testcase name="getUserConversation" time="1.098" classname="com.davita.restAssured.Readers"/>
  <testcase name="getUserConversation" time="1.433" classname="com.davita.restAssured.Readers"/>
  <testcase name="getUserConversation" time="1.839" classname="com.davita.restAssured.Readers"/>
  <testcase name="getUserConversation" time="2.079" classname="com.davita.restAssured.Readers"/>
  <testcase name="getUserConversation" time="0.999" classname="com.davita.restAssured.Readers"/>
  <testcase name="getUserConversation" time="1.427" classname="com.davita.restAssured.Readers"/>
  <testcase name="getUserConversation" time="2.726" classname="com.davita.restAssured.Readers"/>
  <testcase name="getUserConversation" time="0.947" classname="com.davita.restAssured.Readers"/>
  <testcase name="getUserConversation" time="1.177" classname="com.davita.restAssured.Readers"/>
  <testcase name="getUserConversation" time="1.497" classname="com.davita.restAssured.Readers"/>
  <testcase name="getUserConversation" time="1.516" classname="com.davita.restAssured.Readers"/>
  <testcase name="getUserConversation" time="1.171" classname="com.davita.restAssured.Readers"/>
  <testcase name="getUserConversation" time="1.27" classname="com.davita.restAssured.Readers"/>
  <testcase name="getUserConversation" time="1.212" classname="com.davita.restAssured.Readers"/>
  <testcase name="getUserConversation" time="1.142" classname="com.davita.restAssured.Readers"/>
  <testcase name="getUserConversation" time="2.996" classname="com.davita.restAssured.Readers"/>
  <testcase name="getUserConversation" time="1.34" classname="com.davita.restAssured.Readers"/>
  <testcase name="getUserConversation" time="1.813" classname="com.davita.restAssured.Readers"/>
  <testcase name="getUserConversation" time="2.956" classname="com.davita.restAssured.Readers"/>
  <testcase name="getUserConversation" time="1.694" classname="com.davita.restAssured.Readers"/>
  <testcase name="getUserConversation" time="1.87" classname="com.davita.restAssured.Readers"/>
  <testcase name="getUserConversation" time="1.266" classname="com.davita.restAssured.Readers"/>
  <testcase name="getUserConversation" time="1.217" classname="com.davita.restAssured.Readers"/>
  <testcase name="getUserConversation" time="1.288" classname="com.davita.restAssured.Readers"/>
  <testcase name="getUserConversation" time="1.268" classname="com.davita.restAssured.Readers"/>
  <testcase name="getUserConversation" time="2.442" classname="com.davita.restAssured.Readers"/>
  <testcase name="getUserConversation" time="1.294" classname="com.davita.restAssured.Readers"/>
  <testcase name="getUserConversation" time="1.684" classname="com.davita.restAssured.Readers"/>
  <testcase name="getUserConversation" time="0.99" classname="com.davita.restAssured.Readers"/>
  <testcase name="getUserConversation" time="1.957" classname="com.davita.restAssured.Readers"/>
  <testcase name="getUserConversation" time="1.479" classname="com.davita.restAssured.Readers"/>
  <testcase name="getUserConversation" time="1.054" classname="com.davita.restAssured.Readers"/>
  <testcase name="getUserConversation" time="1.644" classname="com.davita.restAssured.Readers"/>
  <testcase name="getUserConversation" time="2.032" classname="com.davita.restAssured.Readers"/>
  <testcase name="getUserConversation" time="1.201" classname="com.davita.restAssured.Readers"/>
  <testcase name="getUserConversation" time="1.951" classname="com.davita.restAssured.Readers"/>
  <testcase name="getUserConversation" time="2.62" classname="com.davita.restAssured.Readers"/>
  <testcase name="getUserConversation" time="3.701" classname="com.davita.restAssured.Readers"/>
  <testcase name="getUserConversation" time="2.188" classname="com.davita.restAssured.Readers"/>
  <testcase name="getUserConversation" time="1.883" classname="com.davita.restAssured.Readers"/>
  <testcase name="getUserConversation" time="1.96" classname="com.davita.restAssured.Readers"/>
  <testcase name="getUserConversation" time="2.324" classname="com.davita.restAssured.Readers"/>
  <testcase name="getUserConversation" time="4.139" classname="com.davita.restAssured.Readers"/>
  <testcase name="getUserConversation" time="4.392" classname="com.davita.restAssured.Readers"/>
  <testcase name="getUserConversation" time="3.859" classname="com.davita.restAssured.Readers"/>
  <testcase name="getUserConversation" time="2.099" classname="com.davita.restAssured.Readers"/>
  <testcase name="getUserConversation" time="2.493" classname="com.davita.restAssured.Readers"/>
  <testcase name="getUserConversation" time="2.274" classname="com.davita.restAssured.Readers"/>
  <testcase name="getUserConversation" time="2.818" classname="com.davita.restAssured.Readers"/>
  <testcase name="getUserConversation" time="2.693" classname="com.davita.restAssured.Readers"/>
  <testcase name="getUserConversation" time="2.852" classname="com.davita.restAssured.Readers"/>
  <testcase name="getUserConversation" time="3.505" classname="com.davita.restAssured.Readers"/>
  <testcase name="getUserConversation" time="2.568" classname="com.davita.restAssured.Readers"/>
  <testcase name="getUserConversation" time="2.273" classname="com.davita.restAssured.Readers"/>
  <testcase name="getUserConversation" time="1.884" classname="com.davita.restAssured.Readers"/>
  <testcase name="getUserConversation" time="1.764" classname="com.davita.restAssured.Readers"/>
  <testcase name="getUserConversation" time="2.095" classname="com.davita.restAssured.Readers"/>
  <testcase name="getUserConversation" time="1.615" classname="com.davita.restAssured.Readers"/>
  <testcase name="getUserConversation" time="2.583" classname="com.davita.restAssured.Readers"/>
  <testcase name="getUserConversation" time="2.862" classname="com.davita.restAssured.Readers"/>
  <testcase name="getUserConversation" time="2.153" classname="com.davita.restAssured.Readers"/>
  <testcase name="getUserConversation" time="3.95" classname="com.davita.restAssured.Readers"/>
  <testcase name="getUserConversation" time="2.354" classname="com.davita.restAssured.Readers"/>
  <testcase name="getUserConversation" time="1.564" classname="com.davita.restAssured.Readers"/>
  <testcase name="getUserConversation" time="2.219" classname="com.davita.restAssured.Readers"/>
  <testcase name="getUserConversation" time="1.95" classname="com.davita.restAssured.Readers"/>
  <testcase name="getUserConversation" time="1.289" classname="com.davita.restAssured.Readers"/>
  <testcase name="getUserConversation" time="1.782" classname="com.davita.restAssured.Readers"/>
  <testcase name="getUserConversation" time="1.755" classname="com.davita.restAssured.Readers"/>
  <testcase name="getUserConversation" time="2.561" classname="com.davita.restAssured.Readers"/>
  <testcase name="getUserConversation" time="3.466" classname="com.davita.restAssured.Readers"/>
  <testcase name="getUserConversation" time="2.49" classname="com.davita.restAssured.Readers"/>
  <testcase name="getUserConversation" time="2.803" classname="com.davita.restAssured.Readers"/>
  <testcase name="getUserConversation" time="2.341" classname="com.davita.restAssured.Readers"/>
  <testcase name="getUserConversation" time="1.718" classname="com.davita.restAssured.Readers"/>
  <testcase name="getUserConversation" time="2.537" classname="com.davita.restAssured.Readers"/>
  <testcase name="getUserConversation" time="4.365" classname="com.davita.restAssured.Readers"/>
  <testcase name="getUserConversation" time="2.387" classname="com.davita.restAssured.Readers"/>
  <testcase name="getUserConversation" time="2.238" classname="com.davita.restAssured.Readers"/>
  <testcase name="getUserConversation" time="1.873" classname="com.davita.restAssured.Readers"/>
  <testcase name="getUserConversation" time="2.193" classname="com.davita.restAssured.Readers"/>
  <testcase name="getUserConversation" time="3.612" classname="com.davita.restAssured.Readers"/>
  <testcase name="getUserConversation" time="2.675" classname="com.davita.restAssured.Readers"/>
  <testcase name="getUserConversation" time="2.818" classname="com.davita.restAssured.Readers"/>
  <testcase name="getUserConversation" time="1.99" classname="com.davita.restAssured.Readers"/>
  <testcase name="getUserConversation" time="2.074" classname="com.davita.restAssured.Readers"/>
  <testcase name="getUserConversation" time="2.225" classname="com.davita.restAssured.Readers"/>
  <testcase name="getUserConversation" time="1.966" classname="com.davita.restAssured.Readers"/>
  <testcase name="getUserConversation" time="1.797" classname="com.davita.restAssured.Readers"/>
  <testcase name="getUserConversation" time="1.927" classname="com.davita.restAssured.Readers"/>
  <testcase name="getUserConversation" time="2.382" classname="com.davita.restAssured.Readers"/>
  <testcase name="getUserConversation" time="2.66" classname="com.davita.restAssured.Readers"/>
  <testcase name="getUserConversation" time="1.714" classname="com.davita.restAssured.Readers"/>
  <testcase name="getUserConversation" time="2.424" classname="com.davita.restAssured.Readers"/>
  <testcase name="getUserConversation" time="5.355" classname="com.davita.restAssured.Readers"/>
  <testcase name="getUserConversation" time="2.816" classname="com.davita.restAssured.Readers"/>
  <testcase name="getUserConversation" time="2.867" classname="com.davita.restAssured.Readers"/>
  <testcase name="getUserConversation" time="4.872" classname="com.davita.restAssured.Readers"/>
  <testcase name="getUserConversation" time="2.435" classname="com.davita.restAssured.Readers"/>
  <testcase name="getUserConversation" time="2.306" classname="com.davita.restAssured.Readers"/>
  <testcase name="getUserConversation" time="2.06" classname="com.davita.restAssured.Readers"/>
  <testcase name="getUserConversation" time="2.444" classname="com.davita.restAssured.Readers"/>
  <testcase name="getUserConversation" time="3.309" classname="com.davita.restAssured.Readers"/>
  <testcase name="getUserConversation" time="1.624" classname="com.davita.restAssured.Readers"/>
  <testcase name="getUserConversation" time="2.628" classname="com.davita.restAssured.Readers"/>
  <testcase name="getUserConversation" time="3.03" classname="com.davita.restAssured.Readers"/>
  <testcase name="getUserConversation" time="3.598" classname="com.davita.restAssured.Readers"/>
  <testcase name="getUserConversation" time="4.659" classname="com.davita.restAssured.Readers"/>
  <testcase name="getUserConversation" time="2.387" classname="com.davita.restAssured.Readers"/>
  <testcase name="getUserConversation" time="2.299" classname="com.davita.restAssured.Readers"/>
  <testcase name="getUserConversation" time="3.104" classname="com.davita.restAssured.Readers"/>
  <testcase name="getUserConversation" time="2.024" classname="com.davita.restAssured.Readers"/>
  <testcase name="getUserConversation" time="2.187" classname="com.davita.restAssured.Readers"/>
  <testcase name="getUserConversation" time="2.02" classname="com.davita.restAssured.Readers"/>
  <testcase name="getUserConversation" time="2.147" classname="com.davita.restAssured.Readers"/>
  <testcase name="getUserConversation" time="2.976" classname="com.davita.restAssured.Readers"/>
  <testcase name="getUserConversation" time="1.512" classname="com.davita.restAssured.Readers"/>
  <testcase name="getUserConversation" time="1.21" classname="com.davita.restAssured.Readers"/>
  <testcase name="getUserConversation" time="1.894" classname="com.davita.restAssured.Readers"/>
  <testcase name="getUserConversation" time="2.184" classname="com.davita.restAssured.Readers"/>
  <testcase name="getUserConversation" time="1.217" classname="com.davita.restAssured.Readers"/>
  <testcase name="getUserConversation" time="1.772" classname="com.davita.restAssured.Readers"/>
  <testcase name="getUserConversation" time="2.013" classname="com.davita.restAssured.Readers"/>
  <testcase name="getUserConversation" time="2.542" classname="com.davita.restAssured.Readers"/>
  <testcase name="getUserConversation" time="1.202" classname="com.davita.restAssured.Readers"/>
  <testcase name="getUserConversation" time="1.455" classname="com.davita.restAssured.Readers"/>
  <testcase name="getUserConversation" time="1.84" classname="com.davita.restAssured.Readers"/>
  <testcase name="getUserConversation" time="3.474" classname="com.davita.restAssured.Readers"/>
  <testcase name="getUserConversation" time="1.448" classname="com.davita.restAssured.Readers"/>
  <testcase name="getUserConversation" time="1.484" classname="com.davita.restAssured.Readers"/>
  <testcase name="getUserConversation" time="2.689" classname="com.davita.restAssured.Readers"/>
  <testcase name="getUserConversation" time="1.807" classname="com.davita.restAssured.Readers"/>
  <testcase name="getUserConversation" time="1.442" classname="com.davita.restAssured.Readers"/>
  <testcase name="getUserConversation" time="1.98" classname="com.davita.restAssured.Readers"/>
  <testcase name="getUserConversation" time="1.822" classname="com.davita.restAssured.Readers"/>
  <testcase name="getUserConversation" time="1.926" classname="com.davita.restAssured.Readers"/>
  <testcase name="getUserConversation" time="2.874" classname="com.davita.restAssured.Readers"/>
  <testcase name="getUserConversation" time="2.635" classname="com.davita.restAssured.Readers"/>
  <testcase name="getUserConversation" time="2.764" classname="com.davita.restAssured.Readers"/>
  <testcase name="getUserConversation" time="1.742" classname="com.davita.restAssured.Readers"/>
  <testcase name="getUserConversation" time="1.787" classname="com.davita.restAssured.Readers"/>
  <testcase name="getUserConversation" time="1.985" classname="com.davita.restAssured.Readers"/>
  <testcase name="getUserConversation" time="2.34" classname="com.davita.restAssured.Readers"/>
  <testcase name="getUserConversation" time="2.3" classname="com.davita.restAssured.Readers"/>
  <testcase name="getUserConversation" time="1.995" classname="com.davita.restAssured.Readers"/>
  <testcase name="getUserConversation" time="1.916" classname="com.davita.restAssured.Readers"/>
  <testcase name="getUserConversation" time="2.219" classname="com.davita.restAssured.Readers"/>
  <testcase name="getUserConversation" time="4.162" classname="com.davita.restAssured.Readers"/>
  <testcase name="getUserConversation" time="1.978" classname="com.davita.restAssured.Readers"/>
  <testcase name="getUserConversation" time="3.713" classname="com.davita.restAssured.Readers"/>
  <testcase name="getUserConversation" time="2.456" classname="com.davita.restAssured.Readers"/>
  <testcase name="getUserConversation" time="1.946" classname="com.davita.restAssured.Readers"/>
  <testcase name="getUserConversation" time="1.921" classname="com.davita.restAssured.Readers"/>
  <testcase name="getUserConversation" time="2.108" classname="com.davita.restAssured.Readers"/>
  <testcase name="getUserConversation" time="2.827" classname="com.davita.restAssured.Readers"/>
  <testcase name="getUserConversation" time="2.102" classname="com.davita.restAssured.Readers"/>
  <testcase name="getUserConversation" time="2.005" classname="com.davita.restAssured.Readers"/>
  <testcase name="getUserConversation" time="2.021" classname="com.davita.restAssured.Readers"/>
  <testcase name="getUserConversation" time="3.054" classname="com.davita.restAssured.Readers"/>
  <testcase name="getUserConversation" time="2.914" classname="com.davita.restAssured.Readers"/>
  <testcase name="getUserConversation" time="2.193" classname="com.davita.restAssured.Readers"/>
  <testcase name="getUserConversation" time="3.055" classname="com.davita.restAssured.Readers"/>
  <testcase name="getUserConversation" time="2.858" classname="com.davita.restAssured.Readers"/>
  <testcase name="getUserConversation" time="2.607" classname="com.davita.restAssured.Readers"/>
  <testcase name="getUserConversation" time="2.535" classname="com.davita.restAssured.Readers"/>
  <testcase name="getUserConversation" time="2.332" classname="com.davita.restAssured.Readers"/>
  <testcase name="getUserConversation" time="3.651" classname="com.davita.restAssured.Readers"/>
  <testcase name="getUserConversation" time="2.157" classname="com.davita.restAssured.Readers"/>
  <testcase name="getUserConversation" time="2.619" classname="com.davita.restAssured.Readers"/>
  <testcase name="getUserConversation" time="2.061" classname="com.davita.restAssured.Readers"/>
  <testcase name="getUserConversation" time="2.029" classname="com.davita.restAssured.Readers"/>
  <testcase name="getUserConversation" time="2.125" classname="com.davita.restAssured.Readers"/>
  <testcase name="getUserConversation" time="2.109" classname="com.davita.restAssured.Readers"/>
  <testcase name="getUserConversation" time="2.116" classname="com.davita.restAssured.Readers"/>
  <testcase name="getUserConversation" time="2.272" classname="com.davita.restAssured.Readers"/>
  <testcase name="getUserConversation" time="2.663" classname="com.davita.restAssured.Readers"/>
  <testcase name="getUserConversation" time="3.855" classname="com.davita.restAssured.Readers"/>
  <testcase name="getUserConversation" time="2.876" classname="com.davita.restAssured.Readers"/>
  <testcase name="getUserConversation" time="2.175" classname="com.davita.restAssured.Readers"/>
  <testcase name="getUserConversation" time="3.152" classname="com.davita.restAssured.Readers"/>
  <testcase name="getUserConversation" time="4.276" classname="com.davita.restAssured.Readers"/>
  <testcase name="getUserConversation" time="4.487" classname="com.davita.restAssured.Readers"/>
  <testcase name="getUserConversation" time="4.03" classname="com.davita.restAssured.Readers"/>
  <testcase name="getUserConversation" time="3.829" classname="com.davita.restAssured.Readers"/>
  <testcase name="getUserConversation" time="3.537" classname="com.davita.restAssured.Readers"/>
  <testcase name="getUserConversation" time="3.634" classname="com.davita.restAssured.Readers"/>
  <testcase name="getUserConversation" time="4.032" classname="com.davita.restAssured.Readers"/>
  <testcase name="getUserConversation" time="3.687" classname="com.davita.restAssured.Readers"/>
  <testcase name="getUserConversation" time="3.79" classname="com.davita.restAssured.Readers"/>
  <testcase name="getUserConversation" time="3.27" classname="com.davita.restAssured.Readers"/>
  <testcase name="getUserConversation" time="2.64" classname="com.davita.restAssured.Readers"/>
  <testcase name="getUserConversation" time="3.378" classname="com.davita.restAssured.Readers"/>
  <testcase name="getUserConversation" time="4.466" classname="com.davita.restAssured.Readers"/>
  <testcase name="getUserConversation" time="4.018" classname="com.davita.restAssured.Readers"/>
  <testcase name="getUserConversation" time="4.435" classname="com.davita.restAssured.Readers"/>
  <testcase name="getUserConversation" time="3.93" classname="com.davita.restAssured.Readers"/>
  <testcase name="getUserConversation" time="3.076" classname="com.davita.restAssured.Readers"/>
  <testcase name="getUserConversation" time="2.948" classname="com.davita.restAssured.Readers"/>
  <testcase name="getUserConversation" time="3.627" classname="com.davita.restAssured.Readers"/>
  <testcase name="getUserConversation" time="5.773" classname="com.davita.restAssured.Readers"/>
  <testcase name="getUserConversation" time="3.225" classname="com.davita.restAssured.Readers"/>
  <testcase name="getUserConversation" time="2.949" classname="com.davita.restAssured.Readers"/>
  <testcase name="getUserConversation" time="4.03" classname="com.davita.restAssured.Readers"/>
  <testcase name="getUserConversation" time="4.86" classname="com.davita.restAssured.Readers"/>
  <testcase name="getUserConversation" time="4.912" classname="com.davita.restAssured.Readers"/>
  <testcase name="getUserConversation" time="3.481" classname="com.davita.restAssured.Readers"/>
  <testcase name="getUserConversation" time="3.862" classname="com.davita.restAssured.Readers"/>
  <testcase name="getUserConversation" time="3.266" classname="com.davita.restAssured.Readers"/>
  <testcase name="getUserConversation" time="2.23" classname="com.davita.restAssured.Readers"/>
  <testcase name="getUserConversation" time="2.604" classname="com.davita.restAssured.Readers"/>
  <testcase name="getUserConversation" time="4.76" classname="com.davita.restAssured.Readers"/>
  <testcase name="getUserConversation" time="2.911" classname="com.davita.restAssured.Readers"/>
  <testcase name="getUserConversation" time="3.096" classname="com.davita.restAssured.Readers"/>
  <testcase name="getUserConversation" time="4.38" classname="com.davita.restAssured.Readers"/>
  <testcase name="getUserConversation" time="5.427" classname="com.davita.restAssured.Readers"/>
  <testcase name="getUserConversation" time="2.509" classname="com.davita.restAssured.Readers"/>
  <testcase name="getUserConversation" time="1.717" classname="com.davita.restAssured.Readers"/>
  <testcase name="getUserConversation" time="1.801" classname="com.davita.restAssured.Readers"/>
  <testcase name="getUserConversation" time="2.609" classname="com.davita.restAssured.Readers"/>
  <testcase name="getUserConversation" time="2.038" classname="com.davita.restAssured.Readers"/>
  <testcase name="getUserConversation" time="6.143" classname="com.davita.restAssured.Readers"/>
  <testcase name="getUserConversation" time="2.512" classname="com.davita.restAssured.Readers"/>
  <testcase name="getUserConversation" time="2.126" classname="com.davita.restAssured.Readers"/>
  <testcase name="getUserConversation" time="2.019" classname="com.davita.restAssured.Readers"/>
  <testcase name="getUserConversation" time="2.97" classname="com.davita.restAssured.Readers"/>
  <testcase name="getUserConversation" time="3.622" classname="com.davita.restAssured.Readers"/>
  <testcase name="getUserConversation" time="1.895" classname="com.davita.restAssured.Readers"/>
  <testcase name="getUserConversation" time="2.798" classname="com.davita.restAssured.Readers"/>
  <testcase name="getUserConversation" time="2.863" classname="com.davita.restAssured.Readers"/>
  <testcase name="getUserConversation" time="3.222" classname="com.davita.restAssured.Readers"/>
  <testcase name="getUserConversation" time="3.115" classname="com.davita.restAssured.Readers"/>
  <testcase name="getUserConversation" time="2.55" classname="com.davita.restAssured.Readers"/>
  <testcase name="getUserConversation" time="2.991" classname="com.davita.restAssured.Readers"/>
  <testcase name="getUserConversation" time="2.903" classname="com.davita.restAssured.Readers"/>
  <testcase name="getUserConversation" time="2.877" classname="com.davita.restAssured.Readers"/>
  <testcase name="getUserConversation" time="2.636" classname="com.davita.restAssured.Readers"/>
  <testcase name="getUserConversation" time="2.942" classname="com.davita.restAssured.Readers"/>
  <testcase name="getUserConversation" time="4.941" classname="com.davita.restAssured.Readers"/>
  <testcase name="getUserConversation" time="1.974" classname="com.davita.restAssured.Readers"/>
  <testcase name="getUserConversation" time="2.202" classname="com.davita.restAssured.Readers"/>
  <testcase name="getUserConversation" time="2.03" classname="com.davita.restAssured.Readers"/>
  <testcase name="getUserConversation" time="1.861" classname="com.davita.restAssured.Readers"/>
  <testcase name="getUserConversation" time="3.774" classname="com.davita.restAssured.Readers"/>
  <testcase name="getUserConversation" time="3.643" classname="com.davita.restAssured.Readers"/>
  <testcase name="getUserConversation" time="2.645" classname="com.davita.restAssured.Readers"/>
  <testcase name="getUserConversation" time="2.483" classname="com.davita.restAssured.Readers"/>
  <testcase name="getUserConversation" time="1.972" classname="com.davita.restAssured.Readers"/>
  <testcase name="getUserConversation" time="2.674" classname="com.davita.restAssured.Readers"/>
  <testcase name="getUserConversation" time="2.249" classname="com.davita.restAssured.Readers"/>
  <testcase name="getUserConversation" time="2.867" classname="com.davita.restAssured.Readers"/>
  <testcase name="getUserConversation" time="2.233" classname="com.davita.restAssured.Readers"/>
  <testcase name="getUserConversation" time="2.601" classname="com.davita.restAssured.Readers"/>
  <testcase name="getUserConversation" time="2.837" classname="com.davita.restAssured.Readers"/>
  <testcase name="getUserConversation" time="3.126" classname="com.davita.restAssured.Readers"/>
  <testcase name="getUserConversation" time="2.309" classname="com.davita.restAssured.Readers"/>
  <testcase name="getUserConversation" time="2.428" classname="com.davita.restAssured.Readers"/>
  <testcase name="getUserConversation" time="2.134" classname="com.davita.restAssured.Readers"/>
  <testcase name="getUserConversation" time="2.205" classname="com.davita.restAssured.Readers"/>
  <testcase name="getUserConversation" time="2.187" classname="com.davita.restAssured.Readers"/>
  <testcase name="getUserConversation" time="2.568" classname="com.davita.restAssured.Readers"/>
  <testcase name="getUserConversation" time="3.115" classname="com.davita.restAssured.Readers"/>
  <testcase name="getUserConversation" time="2.291" classname="com.davita.restAssured.Readers"/>
  <testcase name="getUserConversation" time="2.758" classname="com.davita.restAssured.Readers"/>
  <testcase name="getUserConversation" time="3.563" classname="com.davita.restAssured.Readers"/>
  <testcase name="getUserConversation" time="2.671" classname="com.davita.restAssured.Readers"/>
  <testcase name="getUserConversation" time="2.866" classname="com.davita.restAssured.Readers"/>
  <testcase name="getUserConversation" time="4.551" classname="com.davita.restAssured.Readers"/>
  <testcase name="getUserConversation" time="6.218" classname="com.davita.restAssured.Readers"/>
  <testcase name="getUserConversation" time="3.546" classname="com.davita.restAssured.Readers"/>
  <testcase name="getUserConversation" time="2.772" classname="com.davita.restAssured.Readers"/>
  <testcase name="getUserConversation" time="4.144" classname="com.davita.restAssured.Readers"/>
  <testcase name="getUserConversation" time="1.863" classname="com.davita.restAssured.Readers"/>
  <testcase name="getUserConversation" time="1.802" classname="com.davita.restAssured.Readers"/>
  <testcase name="getUserConversation" time="1.91" classname="com.davita.restAssured.Readers"/>
  <testcase name="getUserConversation" time="3.225" classname="com.davita.restAssured.Readers"/>
  <testcase name="getUserConversation" time="1.839" classname="com.davita.restAssured.Readers"/>
  <testcase name="getUserConversation" time="2.282" classname="com.davita.restAssured.Readers"/>
  <testcase name="getUserConversation" time="2.223" classname="com.davita.restAssured.Readers"/>
  <testcase name="getUserConversation" time="3.063" classname="com.davita.restAssured.Readers"/>
  <testcase name="getUserConversation" time="2.148" classname="com.davita.restAssured.Readers"/>
  <testcase name="getUserConversation" time="3.251" classname="com.davita.restAssured.Readers"/>
  <testcase name="getUserConversation" time="1.683" classname="com.davita.restAssured.Readers"/>
  <testcase name="getUserConversation" time="2.164" classname="com.davita.restAssured.Readers"/>
  <testcase name="getUserConversation" time="2.308" classname="com.davita.restAssured.Readers"/>
  <testcase name="getUserConversation" time="1.813" classname="com.davita.restAssured.Readers"/>
  <testcase name="getUserConversation" time="2.277" classname="com.davita.restAssured.Readers"/>
  <testcase name="getUserConversation" time="3.594" classname="com.davita.restAssured.Readers"/>
  <testcase name="getUserConversation" time="2.747" classname="com.davita.restAssured.Readers"/>
  <testcase name="getUserConversation" time="4.203" classname="com.davita.restAssured.Readers"/>
  <testcase name="getUserConversation" time="2.406" classname="com.davita.restAssured.Readers"/>
  <testcase name="getUserConversation" time="1.392" classname="com.davita.restAssured.Readers"/>
  <testcase name="getUserConversation" time="1.371" classname="com.davita.restAssured.Readers"/>
  <testcase name="getUserConversation" time="1.64" classname="com.davita.restAssured.Readers"/>
  <testcase name="getUserConversation" time="1.817" classname="com.davita.restAssured.Readers"/>
  <testcase name="getUserConversation" time="2.374" classname="com.davita.restAssured.Readers"/>
  <testcase name="getUserConversation" time="1.877" classname="com.davita.restAssured.Readers"/>
  <testcase name="getUserConversation" time="2.959" classname="com.davita.restAssured.Readers"/>
  <testcase name="getUserConversation" time="2.386" classname="com.davita.restAssured.Readers"/>
  <testcase name="getUserConversation" time="2.381" classname="com.davita.restAssured.Readers"/>
  <testcase name="getUserConversation" time="1.923" classname="com.davita.restAssured.Readers"/>
  <testcase name="getUserConversation" time="2.36" classname="com.davita.restAssured.Readers"/>
  <testcase name="getUserConversation" time="1.961" classname="com.davita.restAssured.Readers"/>
  <testcase name="getUserConversation" time="1.489" classname="com.davita.restAssured.Readers"/>
  <testcase name="getUserConversation" time="1.766" classname="com.davita.restAssured.Readers"/>
  <testcase name="getUserConversation" time="2.153" classname="com.davita.restAssured.Readers"/>
  <testcase name="getUserConversation" time="1.555" classname="com.davita.restAssured.Readers"/>
  <testcase name="getUserConversation" time="1.464" classname="com.davita.restAssured.Readers"/>
  <testcase name="getUserConversation" time="1.891" classname="com.davita.restAssured.Readers"/>
  <testcase name="getUserConversation" time="2.208" classname="com.davita.restAssured.Readers"/>
  <testcase name="getUserConversation" time="2.675" classname="com.davita.restAssured.Readers"/>
  <testcase name="getUserConversation" time="3.308" classname="com.davita.restAssured.Readers"/>
  <testcase name="getUserConversation" time="2.912" classname="com.davita.restAssured.Readers"/>
  <testcase name="getUserConversation" time="4.46" classname="com.davita.restAssured.Readers"/>
  <testcase name="getUserConversation" time="2.664" classname="com.davita.restAssured.Readers"/>
  <testcase name="getUserConversation" time="3.492" classname="com.davita.restAssured.Readers"/>
  <testcase name="getUserConversation" time="3.173" classname="com.davita.restAssured.Readers"/>
  <testcase name="getUserConversation" time="3.144" classname="com.davita.restAssured.Readers"/>
  <testcase name="getUserConversation" time="3.182" classname="com.davita.restAssured.Readers"/>
  <testcase name="getUserConversation" time="3.079" classname="com.davita.restAssured.Readers"/>
  <testcase name="getUserConversation" time="2.155" classname="com.davita.restAssured.Readers"/>
  <testcase name="getUserConversation" time="3.49" classname="com.davita.restAssured.Readers"/>
  <testcase name="getUserConversation" time="2.348" classname="com.davita.restAssured.Readers"/>
  <testcase name="getUserConversation" time="2.466" classname="com.davita.restAssured.Readers"/>
  <testcase name="getUserConversation" time="1.973" classname="com.davita.restAssured.Readers"/>
  <testcase name="getUserConversation" time="1.891" classname="com.davita.restAssured.Readers"/>
  <testcase name="getUserConversation" time="1.945" classname="com.davita.restAssured.Readers"/>
  <testcase name="getUserConversation" time="4.401" classname="com.davita.restAssured.Readers"/>
  <testcase name="getUserConversation" time="0.896" classname="com.davita.restAssured.Readers"/>
  <testcase name="getUserConversation" time="3.829" classname="com.davita.restAssured.Readers"/>
  <testcase name="getUserConversation" time="2.258" classname="com.davita.restAssured.Readers"/>
  <testcase name="getUserConversation" time="1.906" classname="com.davita.restAssured.Readers"/>
  <testcase name="getUserConversation" time="1.678" classname="com.davita.restAssured.Readers"/>
  <testcase name="getUserConversation" time="1.955" classname="com.davita.restAssured.Readers"/>
  <testcase name="getUserConversation" time="2.242" classname="com.davita.restAssured.Readers"/>
  <testcase name="getUserConversation" time="1.543" classname="com.davita.restAssured.Readers"/>
  <testcase name="getUserConversation" time="3.18" classname="com.davita.restAssured.Readers"/>
  <testcase name="getUserConversation" time="1.416" classname="com.davita.restAssured.Readers"/>
  <testcase name="getUserConversation" time="5.271" classname="com.davita.restAssured.Readers"/>
  <testcase name="getUserConversation" time="1.312" classname="com.davita.restAssured.Readers"/>
  <testcase name="getUserConversation" time="1.751" classname="com.davita.restAssured.Readers"/>
  <testcase name="getUserConversation" time="3.347" classname="com.davita.restAssured.Readers"/>
  <testcase name="getUserConversation" time="1.738" classname="com.davita.restAssured.Readers"/>
  <testcase name="getUserConversation" time="1.374" classname="com.davita.restAssured.Readers"/>
  <testcase name="getUserConversation" time="1.046" classname="com.davita.restAssured.Readers"/>
  <testcase name="getUserConversation" time="1.059" classname="com.davita.restAssured.Readers"/>
  <testcase name="getUserConversation" time="3.634" classname="com.davita.restAssured.Readers"/>
  <testcase name="getUserConversation" time="3.061" classname="com.davita.restAssured.Readers"/>
  <testcase name="getUserConversation" time="1.089" classname="com.davita.restAssured.Readers"/>
  <testcase name="getUserConversation" time="5.533" classname="com.davita.restAssured.Readers"/>
  <testcase name="getUserConversation" time="1.015" classname="com.davita.restAssured.Readers"/>
  <testcase name="getUserConversation" time="1.086" classname="com.davita.restAssured.Readers"/>
  <testcase name="getUserConversation" time="5.677" classname="com.davita.restAssured.Readers"/>
  <testcase name="getUserConversation" time="1.904" classname="com.davita.restAssured.Readers"/>
  <testcase name="getUserConversation" time="3.886" classname="com.davita.restAssured.Readers"/>
  <testcase name="getUserConversation" time="3.52" classname="com.davita.restAssured.Readers"/>
  <testcase name="getUserConversation" time="2.223" classname="com.davita.restAssured.Readers"/>
  <testcase name="getUserConversation" time="1.656" classname="com.davita.restAssured.Readers"/>
  <testcase name="getUserConversation" time="2.423" classname="com.davita.restAssured.Readers"/>
  <testcase name="getUserConversation" time="5.483" classname="com.davita.restAssured.Readers"/>
  <testcase name="getUserConversation" time="3.106" classname="com.davita.restAssured.Readers"/>
  <testcase name="getUserConversation" time="2.85" classname="com.davita.restAssured.Readers"/>
  <testcase name="getUserConversation" time="3.796" classname="com.davita.restAssured.Readers"/>
  <testcase name="getUserConversation" time="1.532" classname="com.davita.restAssured.Readers"/>
  <testcase name="getUserConversation" time="2.451" classname="com.davita.restAssured.Readers"/>
  <testcase name="getUserConversation" time="1.933" classname="com.davita.restAssured.Readers"/>
  <testcase name="getUserConversation" time="1.812" classname="com.davita.restAssured.Readers"/>
  <testcase name="getUserConversation" time="3.026" classname="com.davita.restAssured.Readers"/>
  <testcase name="getUserConversation" time="2.821" classname="com.davita.restAssured.Readers"/>
  <testcase name="getUserConversation" time="3.557" classname="com.davita.restAssured.Readers"/>
  <testcase name="getUserConversation" time="2.623" classname="com.davita.restAssured.Readers"/>
  <testcase name="getUserConversation" time="3.828" classname="com.davita.restAssured.Readers"/>
  <testcase name="getUserConversation" time="2.815" classname="com.davita.restAssured.Readers"/>
  <testcase name="getUserConversation" time="1.418" classname="com.davita.restAssured.Readers"/>
  <testcase name="getUserConversation" time="1.599" classname="com.davita.restAssured.Readers"/>
  <testcase name="getUserConversation" time="1.871" classname="com.davita.restAssured.Readers"/>
  <testcase name="getUserConversation" time="1.208" classname="com.davita.restAssured.Readers"/>
  <testcase name="getUserConversation" time="1.491" classname="com.davita.restAssured.Readers"/>
  <testcase name="getUserConversation" time="1.964" classname="com.davita.restAssured.Readers"/>
  <testcase name="getUserConversation" time="2.51" classname="com.davita.restAssured.Readers"/>
  <testcase name="getUserConversation" time="4.184" classname="com.davita.restAssured.Readers"/>
  <testcase name="getUserConversation" time="1.058" classname="com.davita.restAssured.Readers"/>
  <testcase name="getUserConversation" time="1.857" classname="com.davita.restAssured.Readers"/>
  <testcase name="getUserConversation" time="2.316" classname="com.davita.restAssured.Readers"/>
  <testcase name="getUserConversation" time="3.606" classname="com.davita.restAssured.Readers"/>
  <testcase name="getUserConversation" time="4.213" classname="com.davita.restAssured.Readers"/>
  <testcase name="getUserConversation" time="3.472" classname="com.davita.restAssured.Readers"/>
  <testcase name="getUserConversation" time="6.407" classname="com.davita.restAssured.Readers"/>
  <testcase name="getUserConversation" time="4.326" classname="com.davita.restAssured.Readers"/>
  <testcase name="getUserConversation" time="5.915" classname="com.davita.restAssured.Readers"/>
  <testcase name="getUserConversation" time="2.41" classname="com.davita.restAssured.Readers"/>
  <testcase name="getUserConversation" time="2.004" classname="com.davita.restAssured.Readers"/>
  <testcase name="getUserConversation" time="2.605" classname="com.davita.restAssured.Readers"/>
  <testcase name="getUserConversation" time="2.956" classname="com.davita.restAssured.Readers"/>
  <testcase name="getUserConversation" time="2.581" classname="com.davita.restAssured.Readers"/>
  <testcase name="getUserConversation" time="3.561" classname="com.davita.restAssured.Readers"/>
  <testcase name="getUserConversation" time="2.395" classname="com.davita.restAssured.Readers"/>
  <testcase name="getUserConversation" time="1.355" classname="com.davita.restAssured.Readers"/>
  <testcase name="getUserConversation" time="1.777" classname="com.davita.restAssured.Readers"/>
  <testcase name="getUserConversation" time="1.333" classname="com.davita.restAssured.Readers"/>
  <testcase name="getUserConversation" time="1.567" classname="com.davita.restAssured.Readers"/>
  <testcase name="getUserConversation" time="2.256" classname="com.davita.restAssured.Readers"/>
  <testcase name="getUserConversation" time="2.931" classname="com.davita.restAssured.Readers"/>
  <testcase name="getUserConversation" time="3.493" classname="com.davita.restAssured.Readers"/>
  <testcase name="getUserConversation" time="2.99" classname="com.davita.restAssured.Readers"/>
  <testcase name="getUserConversation" time="1.965" classname="com.davita.restAssured.Readers"/>
  <testcase name="getUserConversation" time="1.17" classname="com.davita.restAssured.Readers"/>
  <testcase name="getUserConversation" time="1.819" classname="com.davita.restAssured.Readers"/>
  <testcase name="getUserConversation" time="1.265" classname="com.davita.restAssured.Readers"/>
  <testcase name="getUserConversation" time="1.434" classname="com.davita.restAssured.Readers"/>
  <testcase name="getUserConversation" time="0.769" classname="com.davita.restAssured.Readers"/>
  <testcase name="getUserConversation" time="1.09" classname="com.davita.restAssured.Readers"/>
  <testcase name="getUserConversation" time="3.17" classname="com.davita.restAssured.Readers"/>
  <testcase name="getUserConversation" time="1.175" classname="com.davita.restAssured.Readers"/>
  <testcase name="getUserConversation" time="1.868" classname="com.davita.restAssured.Readers"/>
  <testcase name="getUserConversation" time="1.241" classname="com.davita.restAssured.Readers"/>
  <testcase name="getUserConversation" time="1.723" classname="com.davita.restAssured.Readers"/>
  <testcase name="getUserConversation" time="2.204" classname="com.davita.restAssured.Readers"/>
  <testcase name="getUserConversation" time="2.118" classname="com.davita.restAssured.Readers"/>
  <testcase name="getUserConversation" time="0.947" classname="com.davita.restAssured.Readers"/>
  <testcase name="getUserConversation" time="0.748" classname="com.davita.restAssured.Readers"/>
  <testcase name="getUserConversation" time="0.799" classname="com.davita.restAssured.Readers"/>
  <testcase name="getUserConversation" time="1.006" classname="com.davita.restAssured.Readers"/>
  <testcase name="getUserConversation" time="1.057" classname="com.davita.restAssured.Readers"/>
  <testcase name="getUserConversation" time="0.908" classname="com.davita.restAssured.Readers"/>
  <testcase name="getUserConversation" time="0.73" classname="com.davita.restAssured.Readers"/>
  <testcase name="getUserConversation" time="0.865" classname="com.davita.restAssured.Readers"/>
  <testcase name="getUserConversation" time="0.926" classname="com.davita.restAssured.Readers"/>
  <testcase name="getUserConversation" time="2.71" classname="com.davita.restAssured.Readers"/>
  <testcase name="getUserConversation" time="0.863" classname="com.davita.restAssured.Readers"/>
  <testcase name="getUserConversation" time="1.084" classname="com.davita.restAssured.Readers"/>
  <testcase name="getUserConversation" time="1.203" classname="com.davita.restAssured.Readers"/>
  <testcase name="getUserConversation" time="0.947" classname="com.davita.restAssured.Readers"/>
  <testcase name="getUserConversation" time="1.322" classname="com.davita.restAssured.Readers"/>
  <testcase name="getUserConversation" time="0.719" classname="com.davita.restAssured.Readers"/>
  <testcase name="getUserConversation" time="1.003" classname="com.davita.restAssured.Readers"/>
  <testcase name="getUserConversation" time="1.092" classname="com.davita.restAssured.Readers"/>
  <testcase name="getUserConversation" time="0.794" classname="com.davita.restAssured.Readers"/>
  <testcase name="getUserConversation" time="1.565" classname="com.davita.restAssured.Readers"/>
  <testcase name="getUserConversation" time="1.605" classname="com.davita.restAssured.Readers"/>
  <testcase name="getUserConversation" time="1.242" classname="com.davita.restAssured.Readers"/>
  <testcase name="getUserConversation" time="1.669" classname="com.davita.restAssured.Readers"/>
  <testcase name="getUserConversation" time="1.764" classname="com.davita.restAssured.Readers"/>
  <testcase name="getUserConversation" time="1.951" classname="com.davita.restAssured.Readers"/>
  <testcase name="getUserConversation" time="2.61" classname="com.davita.restAssured.Readers"/>
  <testcase name="getUserConversation" time="1.711" classname="com.davita.restAssured.Readers"/>
  <testcase name="getUserConversation" time="2.305" classname="com.davita.restAssured.Readers"/>
  <testcase name="getUserConversation" time="2.619" classname="com.davita.restAssured.Readers"/>
  <testcase name="getUserConversation" time="2.488" classname="com.davita.restAssured.Readers"/>
  <testcase name="getUserConversation" time="2.857" classname="com.davita.restAssured.Readers"/>
  <testcase name="getUserConversation" time="1.743" classname="com.davita.restAssured.Readers"/>
  <testcase name="getUserConversation" time="1.866" classname="com.davita.restAssured.Readers"/>
  <testcase name="getUserConversation" time="2.123" classname="com.davita.restAssured.Readers"/>
  <testcase name="getUserConversation" time="2.152" classname="com.davita.restAssured.Readers"/>
  <testcase name="getUserConversation" time="4.208" classname="com.davita.restAssured.Readers"/>
  <testcase name="getUserConversation" time="2.831" classname="com.davita.restAssured.Readers"/>
  <testcase name="getUserConversation" time="2.444" classname="com.davita.restAssured.Readers"/>
  <testcase name="getUserConversation" time="3.122" classname="com.davita.restAssured.Readers"/>
  <testcase name="getUserConversation" time="3.378" classname="com.davita.restAssured.Readers"/>
  <testcase name="getUserConversation" time="1.988" classname="com.davita.restAssured.Readers"/>
  <testcase name="getUserConversation" time="2.692" classname="com.davita.restAssured.Readers"/>
  <testcase name="getUserConversation" time="2.623" classname="com.davita.restAssured.Readers"/>
  <testcase name="getUserConversation" time="1.583" classname="com.davita.restAssured.Readers"/>
  <testcase name="getUserConversation" time="2.378" classname="com.davita.restAssured.Readers"/>
  <testcase name="getUserConversation" time="2.374" classname="com.davita.restAssured.Readers"/>
  <testcase name="getUserConversation" time="2.275" classname="com.davita.restAssured.Readers"/>
  <testcase name="getUserConversation" time="2.313" classname="com.davita.restAssured.Readers"/>
  <testcase name="getUserConversation" time="2.371" classname="com.davita.restAssured.Readers"/>
  <testcase name="getUserConversation" time="2.341" classname="com.davita.restAssured.Readers"/>
  <testcase name="getUserConversation" time="2.984" classname="com.davita.restAssured.Readers"/>
  <testcase name="getUserConversation" time="1.804" classname="com.davita.restAssured.Readers"/>
  <testcase name="getUserConversation" time="1.504" classname="com.davita.restAssured.Readers"/>
  <testcase name="getUserConversation" time="3.449" classname="com.davita.restAssured.Readers"/>
  <testcase name="getUserConversation" time="3.586" classname="com.davita.restAssured.Readers"/>
  <testcase name="getUserConversation" time="2.723" classname="com.davita.restAssured.Readers"/>
  <testcase name="getUserConversation" time="1.834" classname="com.davita.restAssured.Readers"/>
  <testcase name="getUserConversation" time="3.373" classname="com.davita.restAssured.Readers"/>
  <testcase name="getUserConversation" time="1.512" classname="com.davita.restAssured.Readers"/>
  <testcase name="getUserConversation" time="1.918" classname="com.davita.restAssured.Readers"/>
  <testcase name="getUserConversation" time="3.42" classname="com.davita.restAssured.Readers"/>
  <testcase name="getUserConversation" time="1.385" classname="com.davita.restAssured.Readers"/>
  <testcase name="getUserConversation" time="1.74" classname="com.davita.restAssured.Readers"/>
  <testcase name="getUserConversation" time="0.921" classname="com.davita.restAssured.Readers"/>
  <testcase name="getUserConversation" time="1.763" classname="com.davita.restAssured.Readers"/>
  <testcase name="getUserConversation" time="1.433" classname="com.davita.restAssured.Readers"/>
  <testcase name="getUserConversation" time="0.979" classname="com.davita.restAssured.Readers"/>
  <testcase name="getUserConversation" time="1.181" classname="com.davita.restAssured.Readers"/>
  <testcase name="getUserConversation" time="0.809" classname="com.davita.restAssured.Readers"/>
  <testcase name="getUserConversation" time="1.437" classname="com.davita.restAssured.Readers"/>
  <testcase name="getUserConversation" time="1.399" classname="com.davita.restAssured.Readers"/>
  <testcase name="getUserConversation" time="1.793" classname="com.davita.restAssured.Readers"/>
  <testcase name="getUserConversation" time="0.917" classname="com.davita.restAssured.Readers"/>
  <testcase name="getUserConversation" time="2.114" classname="com.davita.restAssured.Readers"/>
  <testcase name="getUserConversation" time="1.89" classname="com.davita.restAssured.Readers"/>
  <testcase name="getUserConversation" time="0.9" classname="com.davita.restAssured.Readers"/>
  <testcase name="getUserConversation" time="1.403" classname="com.davita.restAssured.Readers"/>
  <testcase name="getUserConversation" time="1.044" classname="com.davita.restAssured.Readers"/>
  <testcase name="getUserConversation" time="0.822" classname="com.davita.restAssured.Readers"/>
  <testcase name="getUserConversation" time="2.887" classname="com.davita.restAssured.Readers"/>
  <testcase name="getUserConversation" time="0.94" classname="com.davita.restAssured.Readers"/>
  <testcase name="getUserConversation" time="1.014" classname="com.davita.restAssured.Readers"/>
  <testcase name="getUserConversation" time="1.552" classname="com.davita.restAssured.Readers"/>
  <testcase name="getUserConversation" time="1.013" classname="com.davita.restAssured.Readers"/>
  <testcase name="getUserConversation" time="1.583" classname="com.davita.restAssured.Readers"/>
  <testcase name="getUserConversation" time="2.149" classname="com.davita.restAssured.Readers"/>
  <testcase name="getUserConversation" time="1.49" classname="com.davita.restAssured.Readers"/>
  <testcase name="getUserConversation" time="1.744" classname="com.davita.restAssured.Readers"/>
  <testcase name="getUserConversation" time="1.176" classname="com.davita.restAssured.Readers"/>
  <testcase name="getUserConversation" time="1.204" classname="com.davita.restAssured.Readers"/>
  <testcase name="getUserConversation" time="1.351" classname="com.davita.restAssured.Readers"/>
  <testcase name="getUserConversation" time="1.367" classname="com.davita.restAssured.Readers"/>
  <testcase name="getUserConversation" time="1.628" classname="com.davita.restAssured.Readers"/>
  <testcase name="getUserConversation" time="3.521" classname="com.davita.restAssured.Readers"/>
  <testcase name="getUserConversation" time="2.102" classname="com.davita.restAssured.Readers"/>
  <testcase name="getUserConversation" time="1.933" classname="com.davita.restAssured.Readers"/>
  <testcase name="getUserConversation" time="2.92" classname="com.davita.restAssured.Readers"/>
  <testcase name="getUserConversation" time="2.396" classname="com.davita.restAssured.Readers"/>
  <testcase name="getUserConversation" time="3.071" classname="com.davita.restAssured.Readers"/>
  <testcase name="getUserConversation" time="2.609" classname="com.davita.restAssured.Readers"/>
  <testcase name="getUserConversation" time="2.724" classname="com.davita.restAssured.Readers"/>
  <testcase name="getUserConversation" time="2.764" classname="com.davita.restAssured.Readers"/>
  <testcase name="getUserConversation" time="2.186" classname="com.davita.restAssured.Readers"/>
  <testcase name="getUserConversation" time="2.086" classname="com.davita.restAssured.Readers"/>
  <testcase name="getUserConversation" time="2.207" classname="com.davita.restAssured.Readers"/>
  <testcase name="getUserConversation" time="2.459" classname="com.davita.restAssured.Readers"/>
  <testcase name="getUserConversation" time="2.275" classname="com.davita.restAssured.Readers"/>
  <testcase name="getUserConversation" time="2.72" classname="com.davita.restAssured.Readers"/>
  <testcase name="getUserConversation" time="2.568" classname="com.davita.restAssured.Readers"/>
  <testcase name="getUserConversation" time="2.143" classname="com.davita.restAssured.Readers"/>
  <testcase name="getUserConversation" time="2.443" classname="com.davita.restAssured.Readers"/>
  <testcase name="getUserConversation" time="1.226" classname="com.davita.restAssured.Readers"/>
  <testcase name="getUserConversation" time="3.482" classname="com.davita.restAssured.Readers"/>
  <testcase name="getUserConversation" time="2.255" classname="com.davita.restAssured.Readers"/>
  <testcase name="getUserConversation" time="1.453" classname="com.davita.restAssured.Readers"/>
  <testcase name="getUserConversation" time="1.987" classname="com.davita.restAssured.Readers"/>
  <testcase name="getUserConversation" time="1.604" classname="com.davita.restAssured.Readers"/>
  <testcase name="getUserConversation" time="4.371" classname="com.davita.restAssured.Readers"/>
  <testcase name="getUserConversation" time="1.897" classname="com.davita.restAssured.Readers"/>
  <testcase name="getUserConversation" time="2.187" classname="com.davita.restAssured.Readers"/>
  <testcase name="getUserConversation" time="2.24" classname="com.davita.restAssured.Readers"/>
  <testcase name="getUserConversation" time="0.922" classname="com.davita.restAssured.Readers"/>
  <testcase name="getUserConversation" time="1.674" classname="com.davita.restAssured.Readers"/>
  <testcase name="getUserConversation" time="2.623" classname="com.davita.restAssured.Readers"/>
  <testcase name="getUserConversation" time="3.052" classname="com.davita.restAssured.Readers"/>
  <testcase name="getUserConversation" time="6.662" classname="com.davita.restAssured.Readers"/>
  <testcase name="getUserConversation" time="1.644" classname="com.davita.restAssured.Readers"/>
  <testcase name="getUserConversation" time="2.082" classname="com.davita.restAssured.Readers"/>
  <testcase name="getUserConversation" time="1.385" classname="com.davita.restAssured.Readers"/>
  <testcase name="getUserConversation" time="1.469" classname="com.davita.restAssured.Readers"/>
  <testcase name="getUserConversation" time="1.668" classname="com.davita.restAssured.Readers"/>
  <testcase name="getUserConversation" time="2.495" classname="com.davita.restAssured.Readers"/>
  <testcase name="getUserConversation" time="1.112" classname="com.davita.restAssured.Readers"/>
  <testcase name="getUserConversation" time="1.495" classname="com.davita.restAssured.Readers"/>
  <testcase name="getUserConversation" time="1.358" classname="com.davita.restAssured.Readers"/>
  <testcase name="getUserConversation" time="1.797" classname="com.davita.restAssured.Readers"/>
  <testcase name="getUserConversation" time="1.964" classname="com.davita.restAssured.Readers"/>
  <testcase name="getUserConversation" time="2.575" classname="com.davita.restAssured.Readers"/>
  <testcase name="getUserConversation" time="1.727" classname="com.davita.restAssured.Readers"/>
  <testcase name="getUserConversation" time="1.522" classname="com.davita.restAssured.Readers"/>
  <testcase name="getUserConversation" time="1.586" classname="com.davita.restAssured.Readers"/>
  <testcase name="getUserConversation" time="3.002" classname="com.davita.restAssured.Readers"/>
  <testcase name="getUserConversation" time="3.056" classname="com.davita.restAssured.Readers"/>
  <testcase name="getUserConversation" time="1.042" classname="com.davita.restAssured.Readers"/>
  <testcase name="getUserConversation" time="2.472" classname="com.davita.restAssured.Readers"/>
  <testcase name="getUserConversation" time="2.787" classname="com.davita.restAssured.Readers"/>
  <testcase name="getUserConversation" time="2.861" classname="com.davita.restAssured.Readers"/>
  <testcase name="getUserConversation" time="2.15" classname="com.davita.restAssured.Readers"/>
  <testcase name="getUserConversation" time="1.654" classname="com.davita.restAssured.Readers"/>
  <testcase name="getUserConversation" time="1.027" classname="com.davita.restAssured.Readers"/>
  <testcase name="getUserConversation" time="0.92" classname="com.davita.restAssured.Readers"/>
  <testcase name="getUserConversation" time="1.217" classname="com.davita.restAssured.Readers"/>
  <testcase name="getUserConversation" time="1.17" classname="com.davita.restAssured.Readers"/>
  <testcase name="getUserConversation" time="0.974" classname="com.davita.restAssured.Readers"/>
  <testcase name="getUserConversation" time="0.976" classname="com.davita.restAssured.Readers"/>
  <testcase name="getUserConversation" time="3.176" classname="com.davita.restAssured.Readers"/>
  <testcase name="getUserConversation" time="1.466" classname="com.davita.restAssured.Readers"/>
  <testcase name="getUserConversation" time="2.805" classname="com.davita.restAssured.Readers"/>
  <testcase name="getUserConversation" time="1.473" classname="com.davita.restAssured.Readers"/>
[...]
  <testcase name="getUserConversation" time="1.684" classname="com.davita.restAssured.Readers"/>
  <testcase name="getUserConversation" time="2.292" classname="com.davita.restAssured.Readers"/>
  <testcase name="getUserConversation" time="3.658" classname="com.davita.restAssured.Readers"/>
  <testcase name="getUserConversation" time="4.034" classname="com.davita.restAssured.Readers"/>
  <testcase name="getUserConversation" time="3.078" classname="com.davita.restAssured.Readers"/>
  <testcase name="getUserConversation" time="1.931" classname="com.davita.restAssured.Readers"/>
  <testcase name="getUserConversation" time="2.88" classname="com.davita.restAssured.Readers"/>
  <testcase name="getUserConversation" time="4.815" classname="com.davita.restAssured.Readers"/>
  <testcase name="getUserConversation" time="1.956" classname="com.davita.restAssured.Readers"/>
  <testcase name="getUserConversation" time="2.256" classname="com.davita.restAssured.Readers"/>
  <testcase name="getUserConversation" time="1.075" classname="com.davita.restAssured.Readers"/>
  <testcase name="getUserConversation" time="1.182" classname="com.davita.restAssured.Readers"/>
  <testcase name="getUserConversation" time="1.37" classname="com.davita.restAssured.Readers"/>
  <testcase name="getUserConversation" time="1.6" classname="com.davita.restAssured.Readers"/>
  <testcase name="getUserConversation" time="1.014" classname="com.davita.restAssured.Readers"/>
  <testcase name="getUserConversation" time="1.546" classname="com.davita.restAssured.Readers"/>
  <testcase name="getUserConversation" time="1.237" classname="com.davita.restAssured.Readers"/>
  <testcase name="getUserConversation" time="0.909" classname="com.davita.restAssured.Readers"/>
  <testcase name="getUserConversation" time="1.444" classname="com.davita.restAssured.Readers"/>
  <testcase name="getUserConversation" time="1.366" classname="com.davita.restAssured.Readers"/>
  <testcase name="getUserConversation" time="1.772" classname="com.davita.restAssured.Readers"/>
  <testcase name="getUserConversation" time="1.03" classname="com.davita.restAssured.Readers"/>
  <testcase name="getUserConversation" time="1.067" classname="com.davita.restAssured.Readers"/>
  <testcase name="getUserConversation" time="0.884" classname="com.davita.restAssured.Readers"/>
  <testcase name="getUserConversation" time="1.118" classname="com.davita.restAssured.Readers"/>
  <testcase name="getUserConversation" time="0.879" classname="com.davita.restAssured.Readers"/>
  <testcase name="getUserConversation" time="1.014" classname="com.davita.restAssured.Readers"/>
  <testcase name="getUserConversation" time="0.947" classname="com.davita.restAssured.Readers"/>
  <testcase name="getUserConversation" time="1.7" classname="com.davita.restAssured.Readers"/>
  <testcase name="getUserConversation" time="1.019" classname="com.davita.restAssured.Readers"/>
  <testcase name="getUserConversation" time="1.074" classname="com.davita.restAssured.Readers"/>
  <testcase name="getUserConversation" time="0.651" classname="com.davita.restAssured.Readers"/>
  <testcase name="getUserConversation" time="0.788" classname="com.davita.restAssured.Readers"/>
  <testcase name="getUserConversation" time="1.353" classname="com.davita.restAssured.Readers"/>
  <testcase name="getUserConversation" time="1.625" classname="com.davita.restAssured.Readers"/>
  <testcase name="getUserConversation" time="0.727" classname="com.davita.restAssured.Readers"/>
  <testcase name="getUserConversation" time="0.811" classname="com.davita.restAssured.Readers"/>
  <testcase name="getUserConversation" time="1.216" classname="com.davita.restAssured.Readers"/>
  <testcase name="getUserConversation" time="1.091" classname="com.davita.restAssured.Readers"/>
  <testcase name="getUserConversation" time="1.246" classname="com.davita.restAssured.Readers"/>
  <testcase name="getUserConversation" time="0.963" classname="com.davita.restAssured.Readers"/>
  <testcase name="getUserConversation" time="1.374" classname="com.davita.restAssured.Readers"/>
  <testcase name="getUserConversation" time="2.191" classname="com.davita.restAssured.Readers"/>
  <testcase name="getUserConversation" time="1.035" classname="com.davita.restAssured.Readers"/>
  <testcase name="getUserConversation" time="1.111" classname="com.davita.restAssured.Readers"/>
  <testcase name="getUserConversation" time="1.282" classname="com.davita.restAssured.Readers"/>
  <testcase name="getUserConversation" time="1.075" classname="com.davita.restAssured.Readers"/>
  <testcase name="getUserConversation" time="1.01" classname="com.davita.restAssured.Readers"/>
  <testcase name="getUserConversation" time="1.154" classname="com.davita.restAssured.Readers"/>
  <testcase name="getUserConversation" time="0.996" classname="com.davita.restAssured.Readers"/>
  <testcase name="getUserConversation" time="1.109" classname="com.davita.restAssured.Readers"/>
  <testcase name="getUserConversation" time="2.822" classname="com.davita.restAssured.Readers"/>
  <testcase name="getUserConversation" time="2.221" classname="com.davita.restAssured.Readers"/>
  <testcase name="getUserConversation" time="1.308" classname="com.davita.restAssured.Readers"/>
  <testcase name="getUserConversation" time="1.622" classname="com.davita.restAssured.Readers"/>
  <testcase name="getUserConversation" time="1.347" classname="com.davita.restAssured.Readers"/>
  <testcase name="getUserConversation" time="1.349" classname="com.davita.restAssured.Readers"/>
  <testcase name="getUserConversation" time="2.456" classname="com.davita.restAssured.Readers"/>
  <testcase name="getUserConversation" time="1.132" classname="com.davita.restAssured.Readers"/>
  <testcase name="getUserConversation" time="1.549" classname="com.davita.restAssured.Readers"/>
  <testcase name="getUserConversation" time="1.544" classname="com.davita.restAssured.Readers"/>
  <testcase name="getUserConversation" time="1.229" classname="com.davita.restAssured.Readers"/>
  <testcase name="getUserConversation" time="1.454" classname="com.davita.restAssured.Readers"/>
  <testcase name="getUserConversation" time="1.373" classname="com.davita.restAssured.Readers"/>
  <testcase name="getUserConversation" time="2.294" classname="com.davita.restAssured.Readers"/>
  <testcase name="getUserConversation" time="2.485" classname="com.davita.restAssured.Readers"/>
  <testcase name="getUserConversation" time="1.085" classname="com.davita.restAssured.Readers"/>
  <testcase name="getUserConversation" time="2.015" classname="com.davita.restAssured.Readers"/>
  <testcase name="getUserConversation" time="0.935" classname="com.davita.restAssured.Readers"/>
  <testcase name="getUserConversation" time="0.928" classname="com.davita.restAssured.Readers"/>
  <testcase name="getUserConversation" time="1.46" classname="com.davita.restAssured.Readers"/>
  <testcase name="getUserConversation" time="1.2" classname="com.davita.restAssured.Readers"/>
  <testcase name="getUserConversation" time="0.695" classname="com.davita.restAssured.Readers"/>
  <testcase name="getUserConversation" time="0.615" classname="com.davita.restAssured.Readers"/>
  <testcase name="getUserConversation" time="1.152" classname="com.davita.restAssured.Readers"/>
  <testcase name="getUserConversation" time="1.44" classname="com.davita.restAssured.Readers"/>
  <testcase name="getUserConversation" time="1.138" classname="com.davita.restAssured.Readers"/>
  <testcase name="getUserConversation" time="1.754" classname="com.davita.restAssured.Readers"/>
  <testcase name="getUserConversation" time="0.977" classname="com.davita.restAssured.Readers"/>
  <testcase name="getUserConversation" time="1.329" classname="com.davita.restAssured.Readers"/>
  <testcase name="getUserConversation" time="1.108" classname="com.davita.restAssured.Readers"/>
  <testcase name="getUserConversation" time="1.163" classname="com.davita.restAssured.Readers"/>
  <testcase name="getUserConversation" time="1.938" classname="com.davita.restAssured.Readers"/>
  <testcase name="getUserConversation" time="1.878" classname="com.davita.restAssured.Readers"/>
  <testcase name="getUserConversation" time="1.309" classname="com.davita.restAssured.Readers"/>
  <testcase name="getUserConversation" time="1.224" classname="com.davita.restAssured.Readers"/>
  <testcase name="getUserConversation" time="1.26" classname="com.davita.restAssured.Readers"/>
  <testcase name="getUserConversation" time="0.767" classname="com.davita.restAssured.Readers"/>
  <testcase name="getUserConversation" time="0.967" classname="com.davita.restAssured.Readers"/>
  <testcase name="getUserConversation" time="1.463" classname="com.davita.restAssured.Readers"/>
  <testcase name="getUserConversation" time="0.925" classname="com.davita.restAssured.Readers"/>
  <testcase name="getUserConversation" time="0.942" classname="com.davita.restAssured.Readers"/>
  <testcase name="getUserConversation" time="0.993" classname="com.davita.restAssured.Readers"/>
  <testcase name="getUserConversation" time="0.714" classname="com.davita.restAssured.Readers"/>
  <testcase name="getUserConversation" time="0.684" classname="com.davita.restAssured.Readers"/>
  <testcase name="getUserConversation" time="0.971" classname="com.davita.restAssured.Readers"/>
  <testcase name="getUserConversation" time="0.995" classname="com.davita.restAssured.Readers"/>
  <testcase name="getUserConversation" time="0.777" classname="com.davita.restAssured.Readers"/>
  <testcase name="getUserConversation" time="0.893" classname="com.davita.restAssured.Readers"/>
  <testcase name="getUserConversation" time="0.937" classname="com.davita.restAssured.Readers"/>
  <testcase name="getUserConversation" time="1.217" classname="com.davita.restAssured.Readers"/>
  <testcase name="getUserConversation" time="1.201" classname="com.davita.restAssured.Readers"/>
  <testcase name="getUserConversation" time="1.446" classname="com.davita.restAssured.Readers"/>
  <testcase name="getUserConversation" time="2.225" classname="com.davita.restAssured.Readers"/>
  <testcase name="getUserConversation" time="1.537" classname="com.davita.restAssured.Readers"/>
  <testcase name="getUserConversation" time="1.141" classname="com.davita.restAssured.Readers"/>
  <testcase name="getUserConversation" time="1.497" classname="com.davita.restAssured.Readers"/>
  <testcase name="getUserConversation" time="1.555" classname="com.davita.restAssured.Readers"/>
  <testcase name="getUserConversation" time="1.977" classname="com.davita.restAssured.Readers"/>
  <testcase name="getUserConversation" time="1.313" classname="com.davita.restAssured.Readers"/>
  <testcase name="getUserConversation" time="1.845" classname="com.davita.restAssured.Readers"/>
  <testcase name="getUserConversation" time="2.181" classname="com.davita.restAssured.Readers"/>
  <testcase name="getUserConversation" time="1.798" classname="com.davita.restAssured.Readers"/>
  <testcase name="getUserConversation" time="2.15" classname="com.davita.restAssured.Readers"/>
  <testcase name="getUserConversation" time="4.301" classname="com.davita.restAssured.Readers"/>
  <testcase name="getUserConversation" time="2.259" classname="com.davita.restAssured.Readers"/>
  <testcase name="getUserConversation" time="2.286" classname="com.davita.restAssured.Readers"/>
  <testcase name="getUserConversation" time="1.164" classname="com.davita.restAssured.Readers"/>
  <testcase name="getUserConversation" time="2.241" classname="com.davita.restAssured.Readers"/>
  <testcase name="getUserConversation" time="1.774" classname="com.davita.restAssured.Readers"/>
  <testcase name="getUserConversation" time="2.42" classname="com.davita.restAssured.Readers"/>
  <testcase name="getUserConversation" time="2.632" classname="com.davita.restAssured.Readers"/>
  <testcase name="getUserConversation" time="1.811" classname="com.davita.restAssured.Readers"/>
  <testcase name="getUserConversation" time="1.372" classname="com.davita.restAssured.Readers"/>
  <testcase name="getUserConversation" time="1.359" classname="com.davita.restAssured.Readers"/>
  <testcase name="getUserConversation" time="2.037" classname="com.davita.restAssured.Readers"/>
  <testcase name="getUserConversation" time="3.387" classname="com.davita.restAssured.Readers"/>
  <testcase name="getUserConversation" time="3.83" classname="com.davita.restAssured.Readers"/>
  <testcase name="getUserConversation" time="2.891" classname="com.davita.restAssured.Readers"/>
  <testcase name="getUserConversation" time="3.35" classname="com.davita.restAssured.Readers"/>
  <testcase name="getUserConversation" time="2.938" classname="com.davita.restAssured.Readers"/>
  <testcase name="getUserConversation" time="2.293" classname="com.davita.restAssured.Readers"/>
  <testcase name="getUserConversation" time="3.182" classname="com.davita.restAssured.Readers"/>
  <testcase name="getUserConversation" time="2.838" classname="com.davita.restAssured.Readers"/>
  <testcase name="getUserConversation" time="3.937" classname="com.davita.restAssured.Readers"/>
  <testcase name="getUserConversation" time="5.157" classname="com.davita.restAssured.Readers"/>
  <testcase name="getUserConversation" time="3.96" classname="com.davita.restAssured.Readers"/>
  <testcase name="getUserConversation" time="2.576" classname="com.davita.restAssured.Readers"/>
  <testcase name="getUserConversation" time="4.987" classname="com.davita.restAssured.Readers"/>
  <testcase name="getUserConversation" time="5.711" classname="com.davita.restAssured.Readers"/>
  <testcase name="getUserConversation" time="3.635" classname="com.davita.restAssured.Readers"/>
  <testcase name="getUserConversation" time="2.621" classname="com.davita.restAssured.Readers"/>
  <testcase name="getUserConversation" time="3.128" classname="com.davita.restAssured.Readers"/>
  <testcase name="getUserConversation" time="2.258" classname="com.davita.restAssured.Readers"/>
  <testcase name="getUserConversation" time="2.079" classname="com.davita.restAssured.Readers"/>
  <testcase name="getUserConversation" time="2.302" classname="com.davita.restAssured.Readers"/>
  <testcase name="getUserConversation" time="3.312" classname="com.davita.restAssured.Readers"/>
  <testcase name="getUserConversation" time="4.215" classname="com.davita.restAssured.Readers"/>
  <testcase name="getUserConversation" time="2.841" classname="com.davita.restAssured.Readers"/>
  <testcase name="getUserConversation" time="5.049" classname="com.davita.restAssured.Readers"/>
  <testcase name="getUserConversation" time="4.006" classname="com.davita.restAssured.Readers"/>
  <testcase name="getUserConversation" time="2.339" classname="com.davita.restAssured.Readers"/>
  <testcase name="getUserConversation" time="3.766" classname="com.davita.restAssured.Readers"/>
  <testcase name="getUserConversation" time="2.592" classname="com.davita.restAssured.Readers"/>
  <testcase name="getUserConversation" time="2.636" classname="com.davita.restAssured.Readers"/>
  <testcase name="getUserConversation" time="3.734" classname="com.davita.restAssured.Readers"/>
  <testcase name="getUserConversation" time="2.042" classname="com.davita.restAssured.Readers"/>
  <testcase name="getUserConversation" time="2.87" classname="com.davita.restAssured.Readers"/>
  <testcase name="getUserConversation" time="1.359" classname="com.davita.restAssured.Readers"/>
  <testcase name="getUserConversation" time="1.655" classname="com.davita.restAssured.Readers"/>
  <testcase name="getUserConversation" time="2.233" classname="com.davita.restAssured.Readers"/>
  <testcase name="getUserConversation" time="1.47" classname="com.davita.restAssured.Readers"/>
  <testcase name="getUserConversation" time="1.903" classname="com.davita.restAssured.Readers"/>
  <testcase name="getUserConversation" time="2.24" classname="com.davita.restAssured.Readers"/>
  <testcase name="getUserConversation" time="1.833" classname="com.davita.restAssured.Readers"/>
  <testcase name="getUserConversation" time="1.951" classname="com.davita.restAssured.Readers"/>
  <testcase name="getUserConversation" time="1.189" classname="com.davita.restAssured.Readers"/>
  <testcase name="getUserConversation" time="1.223" classname="com.davita.restAssured.Readers"/>
  <testcase name="getUserConversation" time="1.01" classname="com.davita.restAssured.Readers"/>
  <testcase name="getUserConversation" time="0.807" classname="com.davita.restAssured.Readers"/>
  <testcase name="getUserConversation" time="1.074" classname="com.davita.restAssured.Readers"/>
  <testcase name="getUserConversation" time="1.015" classname="com.davita.restAssured.Readers"/>
  <testcase name="getUserConversation" time="1.265" classname="com.davita.restAssured.Readers"/>
  <testcase name="getUserConversation" time="1.373" classname="com.davita.restAssured.Readers"/>
  <testcase name="getUserConversation" time="3.146" classname="com.davita.restAssured.Readers"/>
  <testcase name="getUserConversation" time="1.949" classname="com.davita.restAssured.Readers"/>
  <testcase name="getUserConversation" time="2.301" classname="com.davita.restAssured.Readers"/>
  <testcase name="getUserConversation" time="3.372" classname="com.davita.restAssured.Readers"/>
  <testcase name="getUserConversation" time="1.334" classname="com.davita.restAssured.Readers"/>
  <testcase name="getUserConversation" time="1.263" classname="com.davita.restAssured.Readers"/>
  <testcase name="getUserConversation" time="1.052" classname="com.davita.restAssured.Readers"/>
  <testcase name="getUserConversation" time="1.266" classname="com.davita.restAssured.Readers"/>
  <testcase name="getUserConversation" time="3.078" classname="com.davita.restAssured.Readers"/>
  <testcase name="getUserConversation" time="2.318" classname="com.davita.restAssured.Readers"/>
  <testcase name="getUserConversation" time="2.257" classname="com.davita.restAssured.Readers"/>
  <testcase name="getUserConversation" time="1.771" classname="com.davita.restAssured.Readers"/>
  <testcase name="getUserConversation" time="1.843" classname="com.davita.restAssured.Readers"/>
  <testcase name="getUserConversation" time="2.397" classname="com.davita.restAssured.Readers"/>
  <testcase name="getUserConversation" time="1.368" classname="com.davita.restAssured.Readers"/>
  <testcase name="getUserConversation" time="1.656" classname="com.davita.restAssured.Readers"/>
  <testcase name="getUserConversation" time="1.952" classname="com.davita.restAssured.Readers"/>
  <testcase name="getUserConversation" time="1.42" classname="com.davita.restAssured.Readers"/>
  <testcase name="getUserConversation" time="2.12" classname="com.davita.restAssured.Readers"/>
  <testcase name="getUserConversation" time="1.875" classname="com.davita.restAssured.Readers"/>
  <testcase name="getUserConversation" time="1.099" classname="com.davita.restAssured.Readers"/>
  <testcase name="getUserConversation" time="0.904" classname="com.davita.restAssured.Readers"/>
  <testcase name="getUserConversation" time="1.405" classname="com.davita.restAssured.Readers"/>
  <testcase name="getUserConversation" time="1.535" classname="com.davita.restAssured.Readers"/>
  <testcase name="getUserConversation" time="1.527" classname="com.davita.restAssured.Readers"/>
  <testcase name="getUserConversation" time="2.433" classname="com.davita.restAssured.Readers"/>
  <testcase name="getUserConversation" time="1.197" classname="com.davita.restAssured.Readers"/>
  <testcase name="getUserConversation" time="1.533" classname="com.davita.restAssured.Readers"/>
  <testcase name="getUserConversation" time="2.005" classname="com.davita.restAssured.Readers"/>
  <testcase name="getUserConversation" time="1.67" classname="com.davita.restAssured.Readers"/>
  <testcase name="getUserConversation" time="1.758" classname="com.davita.restAssured.Readers"/>
  <testcase name="getUserConversation" time="1.685" classname="com.davita.restAssured.Readers"/>
</testsuite> <!-- Default test -->
